  main.cpp
D:\Projects\HyperionDumper\HyperionDumper\src\dumper.h(17,8): error C2664: 'int _stricmp(const char *,const char *)': cannot convert argument 2 from 'WCHAR [260]' to 'const char *'
  (compiling source file 'src/main.cpp')
  D:\Projects\HyperionDumper\HyperionDumper\src\dumper.h(17,50):
  Types pointed to are unrelated; conversion requires reinterpret_cast, C-style cast or parenthesized function-style cast
  C:\Program Files (x86)\Windows Kits\10\Include\10.0.22621.0\ucrt\string.h(189,22):
  see declaration of '_stricmp'
  D:\Projects\HyperionDumper\HyperionDumper\src\dumper.h(17,8):
  while trying to match the argument list '(const char [21], WCHAR [260])'
  
D:\Projects\HyperionDumper\HyperionDumper\src\dumper.h(38,8): error C2664: 'int _strcmpi(const char *,const char *)': cannot convert argument 2 from 'WCHAR [256]' to 'const char *'
  (compiling source file 'src/main.cpp')
  D:\Projects\HyperionDumper\HyperionDumper\src\dumper.h(38,34):
  Types pointed to are unrelated; conversion requires reinterpret_cast, C-style cast or parenthesized function-style cast
  C:\Program Files (x86)\Windows Kits\10\Include\10.0.22621.0\ucrt\string.h(106,22):
  see declaration of '_strcmpi'
  D:\Projects\HyperionDumper\HyperionDumper\src\dumper.h(38,8):
  while trying to match the argument list '(const char *, WCHAR [256])'
  
D:\Projects\HyperionDumper\HyperionDumper\src\dumper.h(39,11): warning C4477: 'printf' : format string '%s' requires an argument of type 'char *', but variadic argument 1 has type 'WCHAR *'
  (compiling source file 'src/main.cpp')
  D:\Projects\HyperionDumper\HyperionDumper\src\dumper.h(39,11):
  consider using '%ls' in the format string
  D:\Projects\HyperionDumper\HyperionDumper\src\dumper.h(39,11):
  consider using '%lls' in the format string
  D:\Projects\HyperionDumper\HyperionDumper\src\dumper.h(39,11):
  consider using '%Ls' in the format string
  D:\Projects\HyperionDumper\HyperionDumper\src\dumper.h(39,11):
  consider using '%ws' in the format string
  
D:\Projects\HyperionDumper\HyperionDumper\src\dumper.h(39,11): warning C4477: 'printf' : format string '%llx' requires an argument of type 'unsigned __int64', but variadic argument 2 has type 'DWORD'
  (compiling source file 'src/main.cpp')
  D:\Projects\HyperionDumper\HyperionDumper\src\dumper.h(39,11):
  consider using '%lx' in the format string
  
D:\Projects\HyperionDumper\HyperionDumper\src\dumper.h(84,9): warning C4477: 'printf' : format string '%llx' requires an argument of type 'unsigned __int64', but variadic argument 4 has type 'DWORD'
  (compiling source file 'src/main.cpp')
  D:\Projects\HyperionDumper\HyperionDumper\src\dumper.h(84,9):
  consider using '%lx' in the format string
  
D:\Projects\HyperionDumper\HyperionDumper\src\dumper.h(111,14): warning C4311: 'type cast': pointer truncation from 'BYTE *' to 'DWORD'
  (compiling source file 'src/main.cpp')
  
D:\Projects\HyperionDumper\HyperionDumper\src\dumper.h(111,14): warning C4302: 'type cast': truncation from 'BYTE *' to 'DWORD'
  (compiling source file 'src/main.cpp')
  
